[3.158s] DEBUG:colcon:Command line arguments: ['/usr/bin/colcon', 'build', '--packages-select', 'walker_808x']
[3.158s] DEBUG:colcon:Parsed command line arguments: Namespace(allow_overriding=[], ament_cmake_args=None, base_paths=['.'], build_base='build', catkin_cmake_args=None, catkin_skip_building_tests=False, cmake_args=None, cmake_clean_cache=False, cmake_clean_first=False, cmake_force_configure=False, cmake_target=None, cmake_target_skip_unavailable=False, continue_on_error=False, event_handlers=None, executor='parallel', ignore_user_meta=False, install_base='install', log_base=None, log_level=None, main=<bound method BuildVerb.main of <colcon_core.verb.build.BuildVerb object at 0x7fe382a73b20>>, merge_install=False, metas=['./colcon.meta'], packages_above=None, packages_above_and_dependencies=None, packages_above_depth=None, packages_end=None, packages_ignore=None, packages_ignore_regex=None, packages_select=['walker_808x'], packages_select_build_failed=False, packages_select_by_dep=None, packages_select_regex=None, packages_select_test_failures=False, packages_skip=None, packages_skip_build_finished=False, packages_skip_by_dep=None, packages_skip_regex=None, packages_skip_test_passed=False, packages_skip_up_to=None, packages_start=None, packages_up_to=None, packages_up_to_regex=None, parallel_workers=8, paths=None, symlink_install=False, test_result_base=None, verb_extension=<colcon_core.verb.build.BuildVerb object at 0x7fe382a73b20>, verb_name='build', verb_parser=<colcon_defaults.argument_parser.defaults.DefaultArgumentsDecorator object at 0x7fe3826a6c10>)
[3.295s] Level 1:colcon.colcon_core.package_discovery:discover_packages(colcon_meta) check parameters
[3.295s] Level 1:colcon.colcon_core.package_discovery:discover_packages(recursive) check parameters
[3.295s] Level 1:colcon.colcon_core.package_discovery:discover_packages(ignore) check parameters
[3.295s] Level 1:colcon.colcon_core.package_discovery:discover_packages(path) check parameters
[3.295s] Level 1:colcon.colcon_core.package_discovery:discover_packages(colcon_meta) discover
[3.295s] Level 1:colcon.colcon_core.package_discovery:discover_packages(recursive) discover
[3.295s] INFO:colcon.colcon_core.package_discovery:Crawling recursively for packages in '/home/fabrizzio/ros2_ws/src/walker_808x'
[3.295s] Level 1:colcon.colcon_core.package_identification:_identify(.) by extensions ['ignore', 'ignore_ament_install']
[3.295s] Level 1:colcon.colcon_core.package_identification:_identify(.) by extension 'ignore'
[3.295s] Level 1:colcon.colcon_core.package_identification:_identify(.) by extension 'ignore_ament_install'
[3.295s] Level 1:colcon.colcon_core.package_identification:_identify(.) by extensions ['colcon_pkg']
[3.295s] Level 1:colcon.colcon_core.package_identification:_identify(.) by extension 'colcon_pkg'
[3.296s] Level 1:colcon.colcon_core.package_identification:_identify(.) by extensions ['colcon_meta']
[3.296s] Level 1:colcon.colcon_core.package_identification:_identify(.) by extension 'colcon_meta'
[3.296s] Level 1:colcon.colcon_core.package_identification:_identify(.) by extensions ['ros']
[3.296s] Level 1:colcon.colcon_core.package_identification:_identify(.) by extension 'ros'
[3.309s] DEBUG:colcon.colcon_core.package_identification:Package '.' with type 'ros.ament_cmake' and name 'walker_808x'
[3.309s] Level 1:colcon.colcon_core.package_discovery:discover_packages(recursive) using defaults
[3.309s] Level 1:colcon.colcon_core.package_discovery:discover_packages(ignore) discover
[3.309s] Level 1:colcon.colcon_core.package_discovery:discover_packages(ignore) using defaults
[3.309s] Level 1:colcon.colcon_core.package_discovery:discover_packages(path) discover
[3.309s] Level 1:colcon.colcon_core.package_discovery:discover_packages(path) using defaults
[3.592s] Level 1:colcon.colcon_core.package_discovery:discover_packages(prefix_path) check parameters
[3.592s] Level 1:colcon.colcon_core.package_discovery:discover_packages(prefix_path) discover
[3.703s] DEBUG:colcon.colcon_installed_package_information.package_discovery:Found 8 installed packages in /home/fabrizzio/ros2_ws/install
[3.767s] DEBUG:colcon.colcon_installed_package_information.package_discovery:Found 319 installed packages in /opt/ros/galactic
[3.826s] Level 1:colcon.colcon_core.package_discovery:discover_packages(prefix_path) using defaults
[4.018s] Level 5:colcon.colcon_core.verb:set package 'walker_808x' build argument 'cmake_args' from command line to 'None'
[4.018s] Level 5:colcon.colcon_core.verb:set package 'walker_808x' build argument 'cmake_target' from command line to 'None'
[4.018s] Level 5:colcon.colcon_core.verb:set package 'walker_808x' build argument 'cmake_target_skip_unavailable' from command line to 'False'
[4.018s] Level 5:colcon.colcon_core.verb:set package 'walker_808x' build argument 'cmake_clean_cache' from command line to 'False'
[4.018s] Level 5:colcon.colcon_core.verb:set package 'walker_808x' build argument 'cmake_clean_first' from command line to 'False'
[4.018s] Level 5:colcon.colcon_core.verb:set package 'walker_808x' build argument 'cmake_force_configure' from command line to 'False'
[4.018s] Level 5:colcon.colcon_core.verb:set package 'walker_808x' build argument 'ament_cmake_args' from command line to 'None'
[4.018s] Level 5:colcon.colcon_core.verb:set package 'walker_808x' build argument 'catkin_cmake_args' from command line to 'None'
[4.018s] Level 5:colcon.colcon_core.verb:set package 'walker_808x' build argument 'catkin_skip_building_tests' from command line to 'False'
[4.018s] DEBUG:colcon.colcon_core.verb:Building package 'walker_808x' with the following arguments: {'ament_cmake_args': None, 'build_base': '/home/fabrizzio/ros2_ws/src/walker_808x/build/walker_808x', 'catkin_cmake_args': None, 'catkin_skip_building_tests': False, 'cmake_args': None, 'cmake_clean_cache': False, 'cmake_clean_first': False, 'cmake_force_configure': False, 'cmake_target': None, 'cmake_target_skip_unavailable': False, 'install_base': '/home/fabrizzio/ros2_ws/src/walker_808x/install/walker_808x', 'merge_install': False, 'path': '/home/fabrizzio/ros2_ws/src/walker_808x', 'symlink_install': False, 'test_result_base': None}
[4.072s] INFO:colcon.colcon_core.executor:Executing jobs using 'parallel' executor
[4.125s] DEBUG:colcon.colcon_parallel_executor.executor.parallel:run_until_complete
[4.125s] INFO:colcon.colcon_ros.task.ament_cmake.build:Building ROS package in '/home/fabrizzio/ros2_ws/src/walker_808x' with build type 'ament_cmake'
[4.125s] INFO:colcon.colcon_cmake.task.cmake.build:Building CMake package in '/home/fabrizzio/ros2_ws/src/walker_808x'
[4.188s] INFO:colcon.colcon_core.plugin_system:Skipping extension 'colcon_core.shell.bat': Not used on non-Windows systems
[4.188s] INFO:colcon.colcon_core.shell:Skip shell extension 'powershell' for command environment: Not usable outside of PowerShell
[4.188s] DEBUG:colcon.colcon_core.shell:Skip shell extension 'dsv' for command environment
[4.471s] DEBUG:colcon.colcon_core.shell:Ignoring prefix path '/home/fabrizzio/catkin_ws/devel'
[4.477s] DEBUG:colcon.colcon_core.event_handler.log_command:Invoking command in '/home/fabrizzio/ros2_ws/src/walker_808x/build/walker_808x': CMAKE_PREFIX_PATH=/home/fabrizzio/ros2_ws/install/walker_808x:/home/fabrizzio/ros2_ws/install/gazebo_ros_pkgs:/home/fabrizzio/ros2_ws/install/gazebo_ros:/home/fabrizzio/ros2_ws/install/gazebo_msgs:/home/fabrizzio/ros2_ws/install/gazebo_dev:/home/fabrizzio/ros2_ws/install/cpp_pubsub:/opt/ros/galactic:/home/fabrizzio/catkin_ws/devel /usr/bin/cmake /home/fabrizzio/ros2_ws/src/walker_808x -DCMAKE_INSTALL_PREFIX=/home/fabrizzio/ros2_ws/src/walker_808x/install/walker_808x
[6.432s] DEBUG:colcon.colcon_core.event_handler.log_command:Invoked command in '/home/fabrizzio/ros2_ws/src/walker_808x/build/walker_808x' returned '0': CMAKE_PREFIX_PATH=/home/fabrizzio/ros2_ws/install/walker_808x:/home/fabrizzio/ros2_ws/install/gazebo_ros_pkgs:/home/fabrizzio/ros2_ws/install/gazebo_ros:/home/fabrizzio/ros2_ws/install/gazebo_msgs:/home/fabrizzio/ros2_ws/install/gazebo_dev:/home/fabrizzio/ros2_ws/install/cpp_pubsub:/opt/ros/galactic:/home/fabrizzio/catkin_ws/devel /usr/bin/cmake /home/fabrizzio/ros2_ws/src/walker_808x -DCMAKE_INSTALL_PREFIX=/home/fabrizzio/ros2_ws/src/walker_808x/install/walker_808x
[6.436s] DEBUG:colcon.colcon_core.event_handler.log_command:Invoking command in '/home/fabrizzio/ros2_ws/src/walker_808x/build/walker_808x': CMAKE_PREFIX_PATH=/home/fabrizzio/ros2_ws/install/walker_808x:/home/fabrizzio/ros2_ws/install/gazebo_ros_pkgs:/home/fabrizzio/ros2_ws/install/gazebo_ros:/home/fabrizzio/ros2_ws/install/gazebo_msgs:/home/fabrizzio/ros2_ws/install/gazebo_dev:/home/fabrizzio/ros2_ws/install/cpp_pubsub:/opt/ros/galactic:/home/fabrizzio/catkin_ws/devel /usr/bin/cmake --build /home/fabrizzio/ros2_ws/src/walker_808x/build/walker_808x -- -j8 -l8
[15.728s] DEBUG:colcon.colcon_core.event_handler.log_command:Invoked command in '/home/fabrizzio/ros2_ws/src/walker_808x/build/walker_808x' returned '0': CMAKE_PREFIX_PATH=/home/fabrizzio/ros2_ws/install/walker_808x:/home/fabrizzio/ros2_ws/install/gazebo_ros_pkgs:/home/fabrizzio/ros2_ws/install/gazebo_ros:/home/fabrizzio/ros2_ws/install/gazebo_msgs:/home/fabrizzio/ros2_ws/install/gazebo_dev:/home/fabrizzio/ros2_ws/install/cpp_pubsub:/opt/ros/galactic:/home/fabrizzio/catkin_ws/devel /usr/bin/cmake --build /home/fabrizzio/ros2_ws/src/walker_808x/build/walker_808x -- -j8 -l8
[15.796s] DEBUG:colcon.colcon_core.event_handler.log_command:Invoking command in '/home/fabrizzio/ros2_ws/src/walker_808x/build/walker_808x': CMAKE_PREFIX_PATH=/home/fabrizzio/ros2_ws/install/walker_808x:/home/fabrizzio/ros2_ws/install/gazebo_ros_pkgs:/home/fabrizzio/ros2_ws/install/gazebo_ros:/home/fabrizzio/ros2_ws/install/gazebo_msgs:/home/fabrizzio/ros2_ws/install/gazebo_dev:/home/fabrizzio/ros2_ws/install/cpp_pubsub:/opt/ros/galactic:/home/fabrizzio/catkin_ws/devel /usr/bin/cmake --install /home/fabrizzio/ros2_ws/src/walker_808x/build/walker_808x
[15.821s] Level 1:colcon.colcon_core.environment:create_environment_scripts_only(walker_808x)
[15.822s] DEBUG:colcon.colcon_core.event_handler.log_command:Invoked command in '/home/fabrizzio/ros2_ws/src/walker_808x/build/walker_808x' returned '0': CMAKE_PREFIX_PATH=/home/fabrizzio/ros2_ws/install/walker_808x:/home/fabrizzio/ros2_ws/install/gazebo_ros_pkgs:/home/fabrizzio/ros2_ws/install/gazebo_ros:/home/fabrizzio/ros2_ws/install/gazebo_msgs:/home/fabrizzio/ros2_ws/install/gazebo_dev:/home/fabrizzio/ros2_ws/install/cpp_pubsub:/opt/ros/galactic:/home/fabrizzio/catkin_ws/devel /usr/bin/cmake --install /home/fabrizzio/ros2_ws/src/walker_808x/build/walker_808x
[15.896s] Level 1:colcon.colcon_core.environment:checking '/home/fabrizzio/ros2_ws/src/walker_808x/install/walker_808x' for CMake module files
[15.896s] Level 1:colcon.colcon_core.environment:checking '/home/fabrizzio/ros2_ws/src/walker_808x/install/walker_808x' for CMake config files
[15.896s] Level 1:colcon.colcon_core.shell:create_environment_hook('walker_808x', 'cmake_prefix_path')
[15.955s] INFO:colcon.colcon_core.shell:Creating environment hook '/home/fabrizzio/ros2_ws/src/walker_808x/install/walker_808x/share/walker_808x/hook/cmake_prefix_path.ps1'
[15.955s] INFO:colcon.colcon_core.shell:Creating environment descriptor '/home/fabrizzio/ros2_ws/src/walker_808x/install/walker_808x/share/walker_808x/hook/cmake_prefix_path.dsv'
[15.956s] INFO:colcon.colcon_core.shell:Creating environment hook '/home/fabrizzio/ros2_ws/src/walker_808x/install/walker_808x/share/walker_808x/hook/cmake_prefix_path.sh'
[15.956s] Level 1:colcon.colcon_core.environment:checking '/home/fabrizzio/ros2_ws/src/walker_808x/install/walker_808x/lib'
[15.957s] Level 1:colcon.colcon_core.environment:checking '/home/fabrizzio/ros2_ws/src/walker_808x/install/walker_808x/bin'
[15.957s] Level 1:colcon.colcon_core.environment:checking '/home/fabrizzio/ros2_ws/src/walker_808x/install/walker_808x/lib/pkgconfig/walker_808x.pc'
[15.957s] Level 1:colcon.colcon_core.environment:checking '/home/fabrizzio/ros2_ws/src/walker_808x/install/walker_808x/lib/python3.8/site-packages'
[15.957s] Level 1:colcon.colcon_core.environment:checking '/home/fabrizzio/ros2_ws/src/walker_808x/install/walker_808x/bin'
[16.016s] INFO:colcon.colcon_core.shell:Creating package script '/home/fabrizzio/ros2_ws/src/walker_808x/install/walker_808x/share/walker_808x/package.ps1'
[16.017s] INFO:colcon.colcon_core.shell:Creating package descriptor '/home/fabrizzio/ros2_ws/src/walker_808x/install/walker_808x/share/walker_808x/package.dsv'
[16.017s] INFO:colcon.colcon_core.shell:Creating package script '/home/fabrizzio/ros2_ws/src/walker_808x/install/walker_808x/share/walker_808x/package.sh'
[16.018s] INFO:colcon.colcon_core.shell:Creating package script '/home/fabrizzio/ros2_ws/src/walker_808x/install/walker_808x/share/walker_808x/package.bash'
[16.018s] INFO:colcon.colcon_core.shell:Creating package script '/home/fabrizzio/ros2_ws/src/walker_808x/install/walker_808x/share/walker_808x/package.zsh'
[16.019s] Level 1:colcon.colcon_core.environment:create_file_with_runtime_dependencies(/home/fabrizzio/ros2_ws/src/walker_808x/install/walker_808x/share/colcon-core/packages/walker_808x)
[16.109s] Level 1:colcon.colcon_core.environment:create_environment_scripts_only(walker_808x)
[16.167s] Level 1:colcon.colcon_core.environment:checking '/home/fabrizzio/ros2_ws/src/walker_808x/install/walker_808x' for CMake module files
[16.168s] Level 1:colcon.colcon_core.environment:checking '/home/fabrizzio/ros2_ws/src/walker_808x/install/walker_808x' for CMake config files
[16.168s] Level 1:colcon.colcon_core.shell:create_environment_hook('walker_808x', 'cmake_prefix_path')
[16.226s] INFO:colcon.colcon_core.shell:Creating environment hook '/home/fabrizzio/ros2_ws/src/walker_808x/install/walker_808x/share/walker_808x/hook/cmake_prefix_path.ps1'
[16.226s] INFO:colcon.colcon_core.shell:Creating environment descriptor '/home/fabrizzio/ros2_ws/src/walker_808x/install/walker_808x/share/walker_808x/hook/cmake_prefix_path.dsv'
[16.226s] INFO:colcon.colcon_core.shell:Creating environment hook '/home/fabrizzio/ros2_ws/src/walker_808x/install/walker_808x/share/walker_808x/hook/cmake_prefix_path.sh'
[16.227s] Level 1:colcon.colcon_core.environment:checking '/home/fabrizzio/ros2_ws/src/walker_808x/install/walker_808x/lib'
[16.227s] Level 1:colcon.colcon_core.environment:checking '/home/fabrizzio/ros2_ws/src/walker_808x/install/walker_808x/bin'
[16.227s] Level 1:colcon.colcon_core.environment:checking '/home/fabrizzio/ros2_ws/src/walker_808x/install/walker_808x/lib/pkgconfig/walker_808x.pc'
[16.227s] Level 1:colcon.colcon_core.environment:checking '/home/fabrizzio/ros2_ws/src/walker_808x/install/walker_808x/lib/python3.8/site-packages'
[16.228s] Level 1:colcon.colcon_core.environment:checking '/home/fabrizzio/ros2_ws/src/walker_808x/install/walker_808x/bin'
[16.286s] INFO:colcon.colcon_core.shell:Creating package script '/home/fabrizzio/ros2_ws/src/walker_808x/install/walker_808x/share/walker_808x/package.ps1'
[16.287s] INFO:colcon.colcon_core.shell:Creating package descriptor '/home/fabrizzio/ros2_ws/src/walker_808x/install/walker_808x/share/walker_808x/package.dsv'
[16.287s] INFO:colcon.colcon_core.shell:Creating package script '/home/fabrizzio/ros2_ws/src/walker_808x/install/walker_808x/share/walker_808x/package.sh'
[16.288s] INFO:colcon.colcon_core.shell:Creating package script '/home/fabrizzio/ros2_ws/src/walker_808x/install/walker_808x/share/walker_808x/package.bash'
[16.288s] INFO:colcon.colcon_core.shell:Creating package script '/home/fabrizzio/ros2_ws/src/walker_808x/install/walker_808x/share/walker_808x/package.zsh'
[16.288s] Level 1:colcon.colcon_core.environment:create_file_with_runtime_dependencies(/home/fabrizzio/ros2_ws/src/walker_808x/install/walker_808x/share/colcon-core/packages/walker_808x)
[16.289s] DEBUG:colcon.colcon_parallel_executor.executor.parallel:closing loop
[16.289s] DEBUG:colcon.colcon_parallel_executor.executor.parallel:loop closed
[16.289s] DEBUG:colcon.colcon_parallel_executor.executor.parallel:run_until_complete finished with '0'
[16.289s] DEBUG:colcon.colcon_core.event_reactor:joining thread
[16.361s] INFO:colcon.colcon_core.plugin_system:Skipping extension 'colcon_notification.desktop_notification.terminal_notifier': Not used on non-Darwin systems
[16.362s] INFO:colcon.colcon_core.plugin_system:Skipping extension 'colcon_notification.desktop_notification.win32': Not used on non-Windows systems
[16.362s] INFO:colcon.colcon_notification.desktop_notification:Sending desktop notification using 'notify2'
[16.390s] DEBUG:colcon.colcon_core.event_reactor:joined thread
[16.459s] INFO:colcon.colcon_core.shell:Creating prefix script '/home/fabrizzio/ros2_ws/src/walker_808x/install/local_setup.ps1'
[16.460s] INFO:colcon.colcon_core.shell:Creating prefix util module '/home/fabrizzio/ros2_ws/src/walker_808x/install/_local_setup_util_ps1.py'
[16.461s] INFO:colcon.colcon_core.shell:Creating prefix chain script '/home/fabrizzio/ros2_ws/src/walker_808x/install/setup.ps1'
[16.518s] INFO:colcon.colcon_core.shell:Creating prefix script '/home/fabrizzio/ros2_ws/src/walker_808x/install/local_setup.sh'
[16.519s] INFO:colcon.colcon_core.shell:Creating prefix util module '/home/fabrizzio/ros2_ws/src/walker_808x/install/_local_setup_util_sh.py'
[16.519s] INFO:colcon.colcon_core.shell:Creating prefix chain script '/home/fabrizzio/ros2_ws/src/walker_808x/install/setup.sh'
[16.579s] INFO:colcon.colcon_core.shell:Creating prefix script '/home/fabrizzio/ros2_ws/src/walker_808x/install/local_setup.bash'
[16.579s] INFO:colcon.colcon_core.shell:Creating prefix chain script '/home/fabrizzio/ros2_ws/src/walker_808x/install/setup.bash'
[16.637s] INFO:colcon.colcon_core.shell:Creating prefix script '/home/fabrizzio/ros2_ws/src/walker_808x/install/local_setup.zsh'
[16.638s] INFO:colcon.colcon_core.shell:Creating prefix chain script '/home/fabrizzio/ros2_ws/src/walker_808x/install/setup.zsh'
