[0.352s] Invoking command in '/home/fabrizzio/ros2_ws/src/walker_808x/build/walker_808x': CMAKE_PREFIX_PATH=/home/fabrizzio/ros2_ws/install/walker_808x:/home/fabrizzio/ros2_ws/install/gazebo_ros_pkgs:/home/fabrizzio/ros2_ws/install/gazebo_ros:/home/fabrizzio/ros2_ws/install/gazebo_msgs:/home/fabrizzio/ros2_ws/install/gazebo_dev:/home/fabrizzio/ros2_ws/install/cpp_pubsub:/opt/ros/galactic:/home/fabrizzio/catkin_ws/devel /usr/bin/cmake /home/fabrizzio/ros2_ws/src/walker_808x -DCMAKE_INSTALL_PREFIX=/home/fabrizzio/ros2_ws/src/walker_808x/install/walker_808x
[0.428s] -- The C compiler identification is GNU 9.4.0
[0.506s] -- The CXX compiler identification is GNU 9.4.0
[0.512s] -- Check for working C compiler: /usr/bin/cc
[0.598s] -- Check for working C compiler: /usr/bin/cc -- works
[0.599s] -- Detecting C compiler ABI info
[0.688s] -- Detecting C compiler ABI info - done
[0.701s] -- Detecting C compile features
[0.702s] -- Detecting C compile features - done
[0.705s] -- Check for working CXX compiler: /usr/bin/c++
[0.803s] -- Check for working CXX compiler: /usr/bin/c++ -- works
[0.805s] -- Detecting CXX compiler ABI info
[0.904s] -- Detecting CXX compiler ABI info - done
[0.918s] -- Detecting CXX compile features
[0.919s] -- Detecting CXX compile features - done
[0.922s] -- Found ament_cmake: 1.1.6 (/opt/ros/galactic/share/ament_cmake/cmake)
[0.959s] -- Found PythonInterp: /usr/bin/python3 (found suitable version "3.8.10", minimum required is "3") 
[0.959s] -- Using PYTHON_EXECUTABLE: /usr/bin/python3
[1.065s] -- Found rclcpp: 9.2.2 (/opt/ros/galactic/share/rclcpp/cmake)
[1.125s] -- Using all available rosidl_typesupport_c: rosidl_typesupport_fastrtps_c;rosidl_typesupport_introspection_c
[1.133s] -- Found rosidl_adapter: 2.2.3 (/opt/ros/galactic/share/rosidl_adapter/cmake)
[1.245s] -- Found OpenSSL: /usr/lib/x86_64-linux-gnu/libcrypto.so (found version "1.1.1f")  
[1.281s] -- Found FastRTPS: /opt/ros/galactic/include  
[1.371s] -- Using all available rosidl_typesupport_cpp: rosidl_typesupport_fastrtps_cpp;rosidl_typesupport_introspection_cpp
[1.442s] -- Found rmw_implementation_cmake: 3.3.1 (/opt/ros/galactic/share/rmw_implementation_cmake/cmake)
[1.446s] -- Found rmw_cyclonedds_cpp: 0.22.6 (/opt/ros/galactic/share/rmw_cyclonedds_cpp/cmake)
[1.467s] -- Using RMW implementation 'rmw_cyclonedds_cpp' as default
[1.468s] -- Looking for pthread.h
[1.555s] -- Looking for pthread.h - found
[1.555s] -- Performing Test CMAKE_HAVE_LIBC_PTHREAD
[1.651s] -- Performing Test CMAKE_HAVE_LIBC_PTHREAD - Failed
[1.651s] -- Looking for pthread_create in pthreads
[1.732s] -- Looking for pthread_create in pthreads - not found
[1.732s] -- Looking for pthread_create in pthread
[1.829s] -- Looking for pthread_create in pthread - found
[1.830s] -- Found Threads: TRUE  
[2.006s] -- Found sensor_msgs: 2.2.4 (/opt/ros/galactic/share/sensor_msgs/cmake)
[2.140s] -- Found rosidl_default_generators: 1.1.1 (/opt/ros/galactic/share/rosidl_default_generators/cmake)
[2.155s] -- Found ament_lint_auto: 0.10.7 (/opt/ros/galactic/share/ament_lint_auto/cmake)
[2.244s] -- Added test 'copyright' to check source files copyright and LICENSE
[2.254s] -- Added test 'cppcheck' to perform static code analysis on C / C++ code
[2.254s] -- Configured cppcheck include dirs: 
[2.254s] -- Configured cppcheck exclude dirs and/or files: 
[2.264s] -- Added test 'cpplint' to check C / C++ code against the Google style
[2.264s] -- Configured cpplint exclude dirs and/or files: 
[2.266s] -- Added test 'flake8' to check Python code syntax and style conventions
[2.269s] -- Added test 'lint_cmake' to check CMake code style
[2.271s] -- Added test 'pep257' to check Python code against some of the style conventions in PEP 257
[2.281s] -- Added test 'uncrustify' to check C / C++ code style
[2.281s] -- Configured uncrustify additional arguments: 
[2.283s] -- Added test 'xmllint' to check XML markup files
[2.286s] -- Configuring done
[2.295s] -- Generating done
[2.297s] -- Build files have been written to: /home/fabrizzio/ros2_ws/src/walker_808x/build/walker_808x
[2.306s] Invoked command in '/home/fabrizzio/ros2_ws/src/walker_808x/build/walker_808x' returned '0': CMAKE_PREFIX_PATH=/home/fabrizzio/ros2_ws/install/walker_808x:/home/fabrizzio/ros2_ws/install/gazebo_ros_pkgs:/home/fabrizzio/ros2_ws/install/gazebo_ros:/home/fabrizzio/ros2_ws/install/gazebo_msgs:/home/fabrizzio/ros2_ws/install/gazebo_dev:/home/fabrizzio/ros2_ws/install/cpp_pubsub:/opt/ros/galactic:/home/fabrizzio/catkin_ws/devel /usr/bin/cmake /home/fabrizzio/ros2_ws/src/walker_808x -DCMAKE_INSTALL_PREFIX=/home/fabrizzio/ros2_ws/src/walker_808x/install/walker_808x
[2.310s] Invoking command in '/home/fabrizzio/ros2_ws/src/walker_808x/build/walker_808x': CMAKE_PREFIX_PATH=/home/fabrizzio/ros2_ws/install/walker_808x:/home/fabrizzio/ros2_ws/install/gazebo_ros_pkgs:/home/fabrizzio/ros2_ws/install/gazebo_ros:/home/fabrizzio/ros2_ws/install/gazebo_msgs:/home/fabrizzio/ros2_ws/install/gazebo_dev:/home/fabrizzio/ros2_ws/install/cpp_pubsub:/opt/ros/galactic:/home/fabrizzio/catkin_ws/devel /usr/bin/cmake --build /home/fabrizzio/ros2_ws/src/walker_808x/build/walker_808x -- -j8 -l8
[2.366s] [35m[1mScanning dependencies of target walker[0m
[2.415s] [ 50%] [32mBuilding CXX object CMakeFiles/walker.dir/src/walk_algorithm.cpp.o[0m
[11.059s] [100%] [32m[1mLinking CXX executable walker[0m
[11.563s] [100%] Built target walker
[11.601s] Invoked command in '/home/fabrizzio/ros2_ws/src/walker_808x/build/walker_808x' returned '0': CMAKE_PREFIX_PATH=/home/fabrizzio/ros2_ws/install/walker_808x:/home/fabrizzio/ros2_ws/install/gazebo_ros_pkgs:/home/fabrizzio/ros2_ws/install/gazebo_ros:/home/fabrizzio/ros2_ws/install/gazebo_msgs:/home/fabrizzio/ros2_ws/install/gazebo_dev:/home/fabrizzio/ros2_ws/install/cpp_pubsub:/opt/ros/galactic:/home/fabrizzio/catkin_ws/devel /usr/bin/cmake --build /home/fabrizzio/ros2_ws/src/walker_808x/build/walker_808x -- -j8 -l8
[11.670s] Invoking command in '/home/fabrizzio/ros2_ws/src/walker_808x/build/walker_808x': CMAKE_PREFIX_PATH=/home/fabrizzio/ros2_ws/install/walker_808x:/home/fabrizzio/ros2_ws/install/gazebo_ros_pkgs:/home/fabrizzio/ros2_ws/install/gazebo_ros:/home/fabrizzio/ros2_ws/install/gazebo_msgs:/home/fabrizzio/ros2_ws/install/gazebo_dev:/home/fabrizzio/ros2_ws/install/cpp_pubsub:/opt/ros/galactic:/home/fabrizzio/catkin_ws/devel /usr/bin/cmake --install /home/fabrizzio/ros2_ws/src/walker_808x/build/walker_808x
[11.685s] -- Install configuration: ""
[11.685s] -- Installing: /home/fabrizzio/ros2_ws/src/walker_808x/install/walker_808x/lib/walker_808x/walker
[11.689s] -- Set runtime path of "/home/fabrizzio/ros2_ws/src/walker_808x/install/walker_808x/lib/walker_808x/walker" to ""
[11.689s] -- Installing: /home/fabrizzio/ros2_ws/src/walker_808x/install/walker_808x/share/walker_808x//launch
[11.689s] -- Installing: /home/fabrizzio/ros2_ws/src/walker_808x/install/walker_808x/share/walker_808x//launch/launch_roomba.py
[11.690s] -- Installing: /home/fabrizzio/ros2_ws/src/walker_808x/install/walker_808x/share/ament_index/resource_index/package_run_dependencies/walker_808x
[11.690s] -- Installing: /home/fabrizzio/ros2_ws/src/walker_808x/install/walker_808x/share/ament_index/resource_index/parent_prefix_path/walker_808x
[11.690s] -- Installing: /home/fabrizzio/ros2_ws/src/walker_808x/install/walker_808x/share/walker_808x/environment/ament_prefix_path.sh
[11.690s] -- Installing: /home/fabrizzio/ros2_ws/src/walker_808x/install/walker_808x/share/walker_808x/environment/ament_prefix_path.dsv
[11.691s] -- Installing: /home/fabrizzio/ros2_ws/src/walker_808x/install/walker_808x/share/walker_808x/environment/path.sh
[11.691s] -- Installing: /home/fabrizzio/ros2_ws/src/walker_808x/install/walker_808x/share/walker_808x/environment/path.dsv
[11.691s] -- Installing: /home/fabrizzio/ros2_ws/src/walker_808x/install/walker_808x/share/walker_808x/local_setup.bash
[11.691s] -- Installing: /home/fabrizzio/ros2_ws/src/walker_808x/install/walker_808x/share/walker_808x/local_setup.sh
[11.691s] -- Installing: /home/fabrizzio/ros2_ws/src/walker_808x/install/walker_808x/share/walker_808x/local_setup.zsh
[11.691s] -- Installing: /home/fabrizzio/ros2_ws/src/walker_808x/install/walker_808x/share/walker_808x/local_setup.dsv
[11.692s] -- Installing: /home/fabrizzio/ros2_ws/src/walker_808x/install/walker_808x/share/walker_808x/package.dsv
[11.692s] -- Installing: /home/fabrizzio/ros2_ws/src/walker_808x/install/walker_808x/share/ament_index/resource_index/packages/walker_808x
[11.692s] -- Installing: /home/fabrizzio/ros2_ws/src/walker_808x/install/walker_808x/share/walker_808x/cmake/walker_808xConfig.cmake
[11.692s] -- Installing: /home/fabrizzio/ros2_ws/src/walker_808x/install/walker_808x/share/walker_808x/cmake/walker_808xConfig-version.cmake
[11.693s] -- Installing: /home/fabrizzio/ros2_ws/src/walker_808x/install/walker_808x/share/walker_808x/package.xml
[11.696s] Invoked command in '/home/fabrizzio/ros2_ws/src/walker_808x/build/walker_808x' returned '0': CMAKE_PREFIX_PATH=/home/fabrizzio/ros2_ws/install/walker_808x:/home/fabrizzio/ros2_ws/install/gazebo_ros_pkgs:/home/fabrizzio/ros2_ws/install/gazebo_ros:/home/fabrizzio/ros2_ws/install/gazebo_msgs:/home/fabrizzio/ros2_ws/install/gazebo_dev:/home/fabrizzio/ros2_ws/install/cpp_pubsub:/opt/ros/galactic:/home/fabrizzio/catkin_ws/devel /usr/bin/cmake --install /home/fabrizzio/ros2_ws/src/walker_808x/build/walker_808x
